ISim log file
Running: /home/co-eda/p5_Pipelined/mips_tb_isim_beh.exe -intstyle ise -gui -tclbatch isim.cmd -wdb /home/co-eda/p5_Pipelined/mips_tb_isim_beh.wdb 
ISim P.20131013 (signature 0xfbc00daa)
This is a Full version of ISim.
Time resolution is 1 ps
# onerror resume
# wave add /
# run 1000 ns
Simulator is doing circuit initialization process.
Finished circuit initialization process.
                  45@00003000: $ 1 <= ffff0000
                  55@00003004: $ 1 <= ffffffff
                  65@00003008: $ 2 <= ffffffff
                  75@0000300c: $31 <= 00003014
                  85@00003010: $10 <= 00003014
                  95@00003014: $31 <= 0000301c
                 105@00003018: $ 3 <= 0000301c
                 115@00003020: $ 5 <= 00000003
                 155@0000302c: $ 6 <= 00000004
# exit 0
