Running: /opt/Xilinx/14.7/ISE_DS/ISE/bin/lin64/unwrapped/fuse -intstyle ise -incremental -lib unisims_ver -lib unimacro_ver -lib xilinxcorelib_ver -lib secureip -o /home/co-eda/p4_SingleCycleCpu/mips_tb_isim_beh.exe -prj /home/co-eda/p4_SingleCycleCpu/mips_tb_beh.prj work.mips_tb work.glbl 
ISim P.20131013 (signature 0xfbc00daa)
Number of CPUs detected in this system: 1
Turning on mult-threading, number of parallel sub-compilation jobs: 0 
Determining compilation order of HDL files
Analyzing Verilog file "/home/co-eda/p4_SingleCycleCpu/MUX.v" into library work
Analyzing Verilog file "/home/co-eda/p4_SingleCycleCpu/RF.v" into library work
Analyzing Verilog file "/home/co-eda/p4_SingleCycleCpu/PC.v" into library work
Analyzing Verilog file "/home/co-eda/p4_SingleCycleCpu/nPC.v" into library work
Analyzing Verilog file "/home/co-eda/p4_SingleCycleCpu/IM.v" into library work
Analyzing Verilog file "/home/co-eda/p4_SingleCycleCpu/Ext.v" into library work
Analyzing Verilog file "/home/co-eda/p4_SingleCycleCpu/DM.v" into library work
Analyzing Verilog file "/home/co-eda/p4_SingleCycleCpu/ALU.v" into library work
Analyzing Verilog file "/home/co-eda/p4_SingleCycleCpu/DataPath.v" into library work
Analyzing Verilog file "/home/co-eda/p4_SingleCycleCpu/Control.v" into library work
Analyzing Verilog file "/home/co-eda/p4_SingleCycleCpu/mips.v" into library work
Analyzing Verilog file "/home/co-eda/p4_SingleCycleCpu/mips_tb.v" into library work
Analyzing Verilog file "/opt/Xilinx/14.7/ISE_DS/ISE//verilog/src/glbl.v" into library work
Starting static elaboration
Completed static elaboration
Fuse Memory Usage: 82828 KB
Fuse CPU Usage: 1180 ms
Compiling module Control
Compiling module PC
Compiling module IM
Compiling module MUX3_5bits
Compiling module RF
Compiling module Ext
Compiling module MUX2_32bits
Compiling module ALU
Compiling module DM
Compiling module MUX3_32bits
Compiling module nPC
Compiling module DataPath
Compiling module mips
Compiling module mips_tb
Compiling module glbl
Time Resolution for simulation is 1ps.
Compiled 15 Verilog Units
Built simulation executable /home/co-eda/p4_SingleCycleCpu/mips_tb_isim_beh.exe
Fuse Memory Usage: 86360 KB
Fuse CPU Usage: 1220 ms
GCC CPU Usage: 1010 ms
